This is pdfTeX, Version 3.1415926-2.3-1.40.12 (MiKTeX 2.9) (preloaded format=pdflatex 2018.1.14)  20 JAN 2018 11:56
entering extended mode
**bare_conf.tex
(C:\Users\xiaoxi\Desktop\paer_relative\fccm\20180118_8page\bare_conf.tex
LaTeX2e <2011/06/27>
Babel <v3.8m> and hyphenation patterns for loaded.
(C:\Users\xiaoxi\Desktop\paer_relative\fccm\20180118_8page\IEEEtran.cls
Document Class: IEEEtran 2007/03/05 V1.7a by Michael Shell
-- See the "IEEEtran_HOWTO" manual for usage information.
-- http://www.michaelshell.org/tex/ieeetran/
\@IEEEtrantmpdimenA=\dimen102
\@IEEEtrantmpdimenB=\dimen103
\@IEEEtrantmpcountA=\count79
\@IEEEtrantmpcountB=\count80
\@IEEEtrantmptoksA=\toks14
LaTeX Font Info:    Try loading font information for OT1+ptm on input line 373.

(E:\20180111CTEX_install\CTEX\MiKTeX\tex\latex\psnfss\ot1ptm.fd
File: ot1ptm.fd 2001/06/04 font definitions for OT1/ptm.
)
-- Using 8.5in x 11in (letter) paper.
-- Using PDF output.
\@IEEEnormalsizeunitybaselineskip=\dimen104
-- This is a 10 point document.
\CLASSINFOnormalsizebaselineskip=\dimen105
\CLASSINFOnormalsizeunitybaselineskip=\dimen106
\IEEEnormaljot=\dimen107
LaTeX Font Info:    Font shape `OT1/ptm/bx/n' in size <5> not available
(Font)              Font shape `OT1/ptm/b/n' tried instead on input line 731.
LaTeX Font Info:    Font shape `OT1/ptm/bx/it' in size <5> not available
(Font)              Font shape `OT1/ptm/b/it' tried instead on input line 731.
LaTeX Font Info:    Font shape `OT1/ptm/bx/n' in size <7> not available
(Font)              Font shape `OT1/ptm/b/n' tried instead on input line 731.
LaTeX Font Info:    Font shape `OT1/ptm/bx/it' in size <7> not available
(Font)              Font shape `OT1/ptm/b/it' tried instead on input line 731.
LaTeX Font Info:    Font shape `OT1/ptm/bx/n' in size <8> not available
(Font)              Font shape `OT1/ptm/b/n' tried instead on input line 731.
LaTeX Font Info:    Font shape `OT1/ptm/bx/it' in size <8> not available
(Font)              Font shape `OT1/ptm/b/it' tried instead on input line 731.
LaTeX Font Info:    Font shape `OT1/ptm/bx/n' in size <9> not available
(Font)              Font shape `OT1/ptm/b/n' tried instead on input line 731.
LaTeX Font Info:    Font shape `OT1/ptm/bx/it' in size <9> not available
(Font)              Font shape `OT1/ptm/b/it' tried instead on input line 731.
LaTeX Font Info:    Font shape `OT1/ptm/bx/n' in size <10> not available
(Font)              Font shape `OT1/ptm/b/n' tried instead on input line 731.
LaTeX Font Info:    Font shape `OT1/ptm/bx/it' in size <10> not available
(Font)              Font shape `OT1/ptm/b/it' tried instead on input line 731.
LaTeX Font Info:    Font shape `OT1/ptm/bx/n' in size <11> not available
(Font)              Font shape `OT1/ptm/b/n' tried instead on input line 731.
LaTeX Font Info:    Font shape `OT1/ptm/bx/it' in size <11> not available
(Font)              Font shape `OT1/ptm/b/it' tried instead on input line 731.
LaTeX Font Info:    Font shape `OT1/ptm/bx/n' in size <12> not available
(Font)              Font shape `OT1/ptm/b/n' tried instead on input line 731.
LaTeX Font Info:    Font shape `OT1/ptm/bx/it' in size <12> not available
(Font)              Font shape `OT1/ptm/b/it' tried instead on input line 731.
LaTeX Font Info:    Font shape `OT1/ptm/bx/n' in size <17> not available
(Font)              Font shape `OT1/ptm/b/n' tried instead on input line 731.
LaTeX Font Info:    Font shape `OT1/ptm/bx/it' in size <17> not available
(Font)              Font shape `OT1/ptm/b/it' tried instead on input line 731.
LaTeX Font Info:    Font shape `OT1/ptm/bx/n' in size <20> not available
(Font)              Font shape `OT1/ptm/b/n' tried instead on input line 731.
LaTeX Font Info:    Font shape `OT1/ptm/bx/it' in size <20> not available
(Font)              Font shape `OT1/ptm/b/it' tried instead on input line 731.
LaTeX Font Info:    Font shape `OT1/ptm/bx/n' in size <24> not available
(Font)              Font shape `OT1/ptm/b/n' tried instead on input line 731.
LaTeX Font Info:    Font shape `OT1/ptm/bx/it' in size <24> not available
(Font)              Font shape `OT1/ptm/b/it' tried instead on input line 731.
\IEEEilabelindentA=\dimen108
\IEEEilabelindentB=\dimen109
\IEEEilabelindent=\dimen110
\IEEEelabelindent=\dimen111
\IEEEdlabelindent=\dimen112
\IEEElabelindent=\dimen113
\IEEEiednormlabelsep=\dimen114
\IEEEiedmathlabelsep=\dimen115
\IEEEiedtopsep=\skip41
\c@section=\count81
\c@subsection=\count82
\c@subsubsection=\count83
\c@paragraph=\count84
\c@IEEEsubequation=\count85
\abovecaptionskip=\skip42
\belowcaptionskip=\skip43
\c@figure=\count86
\c@table=\count87
\@IEEEeqnnumcols=\count88
\@IEEEeqncolcnt=\count89
\@IEEEtmpitemindent=\dimen116
\c@IEEEbiography=\count90
\@IEEEtranrubishbin=\box26
) (E:\20180111CTEX_install\CTEX\MiKTeX\tex\latex\ams\math\amsmath.sty
Package: amsmath 2000/07/18 v2.13 AMS math features
\@mathmargin=\skip44

For additional information on amsmath, use the `?' option.
(E:\20180111CTEX_install\CTEX\MiKTeX\tex\latex\ams\math\amstext.sty
Package: amstext 2000/06/29 v2.01

(E:\20180111CTEX_install\CTEX\MiKTeX\tex\latex\ams\math\amsgen.sty
File: amsgen.sty 1999/11/30 v2.0
\@emptytoks=\toks15
\ex@=\dimen117
))
(E:\20180111CTEX_install\CTEX\MiKTeX\tex\latex\ams\math\amsbsy.sty
Package: amsbsy 1999/11/29 v1.2d
\pmbraise@=\dimen118
)
(E:\20180111CTEX_install\CTEX\MiKTeX\tex\latex\ams\math\amsopn.sty
Package: amsopn 1999/12/14 v2.01 operator names
)
\inf@bad=\count91
LaTeX Info: Redefining \frac on input line 211.
\uproot@=\count92
\leftroot@=\count93
LaTeX Info: Redefining \overline on input line 307.
\classnum@=\count94
\DOTSCASE@=\count95
LaTeX Info: Redefining \ldots on input line 379.
LaTeX Info: Redefining \dots on input line 382.
LaTeX Info: Redefining \cdots on input line 467.
\Mathstrutbox@=\box27
\strutbox@=\box28
\big@size=\dimen119
LaTeX Font Info:    Redeclaring font encoding OML on input line 567.
LaTeX Font Info:    Redeclaring font encoding OMS on input line 568.
\macc@depth=\count96
\c@MaxMatrixCols=\count97
\dotsspace@=\muskip10
\c@parentequation=\count98
\dspbrk@lvl=\count99
\tag@help=\toks16
\row@=\count100
\column@=\count101
\maxfields@=\count102
\andhelp@=\toks17
\eqnshift@=\dimen120
\alignsep@=\dimen121
\tagshift@=\dimen122
\tagwidth@=\dimen123
\totwidth@=\dimen124
\lineht@=\dimen125
\@envbody=\toks18
\multlinegap=\skip45
\multlinetaggap=\skip46
\mathdisplay@stack=\toks19
LaTeX Info: Redefining \[ on input line 2666.
LaTeX Info: Redefining \] on input line 2667.
)
(E:\20180111CTEX_install\CTEX\MiKTeX\tex\latex\amsfonts\amssymb.sty
Package: amssymb 2009/06/22 v3.00

(E:\20180111CTEX_install\CTEX\MiKTeX\tex\latex\amsfonts\amsfonts.sty
Package: amsfonts 2009/06/22 v3.00 Basic AMSFonts support
\symAMSa=\mathgroup4
\symAMSb=\mathgroup5
LaTeX Font Info:    Overwriting math alphabet `\mathfrak' in version `bold'
(Font)                  U/euf/m/n --> U/euf/b/n on input line 96.
))
(E:\20180111CTEX_install\CTEX\MiKTeX\tex\latex\graphics\graphicx.sty
Package: graphicx 1999/02/16 v1.0f Enhanced LaTeX Graphics (DPC,SPQR)

(E:\20180111CTEX_install\CTEX\MiKTeX\tex\latex\graphics\keyval.sty
Package: keyval 1999/03/16 v1.13 key=value parser (DPC)
\KV@toks@=\toks20
)
(E:\20180111CTEX_install\CTEX\MiKTeX\tex\latex\graphics\graphics.sty
Package: graphics 2009/02/05 v1.0o Standard LaTeX Graphics (DPC,SPQR)

(E:\20180111CTEX_install\CTEX\MiKTeX\tex\latex\graphics\trig.sty
Package: trig 1999/03/16 v1.09 sin cos tan (DPC)
)
(E:\20180111CTEX_install\CTEX\MiKTeX\tex\latex\00miktex\graphics.cfg
File: graphics.cfg 2007/01/18 v1.5 graphics configuration of teTeX/TeXLive
)
Package graphics Info: Driver file: pdftex.def on input line 91.

(E:\20180111CTEX_install\CTEX\MiKTeX\tex\latex\pdftex-def\pdftex.def
File: pdftex.def 2011/05/27 v0.06d Graphics/color for pdfTeX

(E:\20180111CTEX_install\CTEX\MiKTeX\tex\generic\oberdiek\infwarerr.sty
Package: infwarerr 2010/04/08 v1.3 Providing info/warning/message (HO)
)
(E:\20180111CTEX_install\CTEX\MiKTeX\tex\generic\oberdiek\ltxcmds.sty
Package: ltxcmds 2011/04/18 v1.20 LaTeX kernel commands for general use (HO)
)
\Gread@gobject=\count103
))
\Gin@req@height=\dimen126
\Gin@req@width=\dimen127
)
(E:\20180111CTEX_install\CTEX\MiKTeX\tex\latex\float\float.sty
Package: float 2001/11/08 v1.3d Float enhancements (AL)
\c@float@type=\count104
\float@exts=\toks21
\float@box=\box29
\@float@everytoks=\toks22
\@floatcapt=\box30
)
(E:\20180111CTEX_install\CTEX\MiKTeX\tex\latex\cite\cite.sty
LaTeX Info: Redefining \cite on input line 302.
LaTeX Info: Redefining \nocite on input line 373.
Package: cite 2010/09/10  v 5.3
)
(E:\20180111CTEX_install\CTEX\MiKTeX\tex\latex\caption\subcaption.sty
Package: subcaption 2011/10/30 v1.1c Sub-captions (AR)

(E:\20180111CTEX_install\CTEX\MiKTeX\tex\latex\caption\caption.sty
Package: caption 2011/11/10 v3.2e Customizing captions (AR)

(E:\20180111CTEX_install\CTEX\MiKTeX\tex\latex\caption\caption3.sty
Package: caption3 2011/11/01 v1.4a caption3 kernel (AR)
\captionmargin=\dimen128
\captionmargin@=\dimen129
\captionwidth=\dimen130
\caption@indent=\dimen131
\caption@parindent=\dimen132
\caption@hangindent=\dimen133
Package caption Info: Unknown document class (or package),
(caption)             standard defaults will be used.
)

Package caption Warning: Unsupported document class (or package) detected,
(caption)                usage of the caption package is not recommended.
See the caption package documentation for explanation.

Package caption Info: \@makecaption = \long macro:#1#2->\ifx \@captype \@IEEEta
blestring \footnotesize \begin {center}{\normalfont \footnotesize #1}\\{\normal
font \footnotesize \scshape #2}\end {center}\@IEEEtablecaptionsepspace \else \@
IEEEfigurecaptionsepspace \setbox \@tempboxa \hbox {\normalfont \footnotesize {
#1.}~~ #2}\ifdim \wd \@tempboxa >\hsize \setbox \@tempboxa \hbox {\normalfont \
footnotesize {#1.}~~ }\parbox [t]{\hsize }{\normalfont \footnotesize \noindent 
\unhbox \@tempboxa #2}\else \ifCLASSOPTIONconference \hbox to\hsize {\normalfon
t \footnotesize \hfil \box \@tempboxa \hfil }\else \hbox to\hsize {\normalfont 
\footnotesize \box \@tempboxa \hfil }\fi \fi \fi .
\c@ContinuedFloat=\count105
Package caption Info: float package is loaded.
)
\c@subfigure=\count106
\c@subtable=\count107
) (E:\20180111CTEX_install\CTEX\MiKTeX\tex\latex\ams\classes\amsthm.sty
Package: amsthm 2004/08/06 v2.20
\thm@style=\toks23
\thm@bodyfont=\toks24
\thm@headfont=\toks25
\thm@notefont=\toks26
\thm@headpunct=\toks27
\thm@preskip=\skip47
\thm@postskip=\skip48
\thm@headsep=\skip49
\dth@everypar=\toks28
)
\c@defn=\count108

(E:\20180111CTEX_install\CTEX\MiKTeX\tex\latex\algorithms\algorithm.sty
Package: algorithm 2009/08/24 v0.1 Document Style `algorithm' - floating enviro
nment

(E:\20180111CTEX_install\CTEX\MiKTeX\tex\latex\base\ifthen.sty
Package: ifthen 2001/05/26 v1.1c Standard LaTeX ifthen package (DPC)
)
\@float@every@algorithm=\toks29
\c@algorithm=\count109
)
(E:\20180111CTEX_install\CTEX\MiKTeX\tex\latex\algorithmicx\algcompatible.sty
Package: algcompatible 

(E:\20180111CTEX_install\CTEX\MiKTeX\tex\latex\algorithmicx\algorithmicx.sty
Package: algorithmicx 2005/04/27 v1.2 Algorithmicx

Document Style algorithmicx 1.2 - a greatly improved `algorithmic' style
\c@ALG@line=\count110
\c@ALG@rem=\count111
\c@ALG@nested=\count112
\ALG@tlm=\skip50
\ALG@thistlm=\skip51
\c@ALG@Lnr=\count113
\c@ALG@blocknr=\count114
\c@ALG@storecount=\count115
\c@ALG@tmpcounter=\count116
\ALG@tmplength=\skip52
)
Document Style - algorithmic compatible environments for the `algorithmicx' sty
le
) (C:\Users\xiaoxi\Desktop\paer_relative\fccm\20180118_8page\bare_conf.aux)
LaTeX Font Info:    Checking defaults for OML/cmm/m/it on input line 363.
LaTeX Font Info:    ... okay on input line 363.
LaTeX Font Info:    Checking defaults for T1/cmr/m/n on input line 363.
LaTeX Font Info:    ... okay on input line 363.
LaTeX Font Info:    Checking defaults for OT1/cmr/m/n on input line 363.
LaTeX Font Info:    ... okay on input line 363.
LaTeX Font Info:    Checking defaults for OMS/cmsy/m/n on input line 363.
LaTeX Font Info:    ... okay on input line 363.
LaTeX Font Info:    Checking defaults for OMX/cmex/m/n on input line 363.
LaTeX Font Info:    ... okay on input line 363.
LaTeX Font Info:    Checking defaults for U/cmr/m/n on input line 363.
LaTeX Font Info:    ... okay on input line 363.

(E:\20180111CTEX_install\CTEX\MiKTeX\tex\context\base\supp-pdf.mkii
[Loading MPS to PDF converter (version 2006.09.02).]
\scratchcounter=\count117
\scratchdimen=\dimen134
\scratchbox=\box31
\nofMPsegments=\count118
\nofMParguments=\count119
\everyMPshowfont=\toks30
\MPscratchCnt=\count120
\MPscratchDim=\dimen135
\MPnumerator=\count121
\makeMPintoPDFobject=\count122
\everyMPtoPDFconversion=\toks31
)
Package caption Info: Begin \AtBeginDocument code.
Package caption Info: End \AtBeginDocument code.
LaTeX Font Info:    Font shape `OT1/ptm/bx/n' in size <14> not available
(Font)              Font shape `OT1/ptm/b/n' tried instead on input line 420.


LaTeX Warning: No \author given.


LaTeX Warning: No \author given.

LaTeX Font Info:    Try loading font information for U+msa on input line 425.
(E:\20180111CTEX_install\CTEX\MiKTeX\tex\latex\amsfonts\umsa.fd
File: umsa.fd 2009/06/22 v3.00 AMS symbols A
)
LaTeX Font Info:    Try loading font information for U+msb on input line 425.

(E:\20180111CTEX_install\CTEX\MiKTeX\tex\latex\amsfonts\umsb.fd
File: umsb.fd 2009/06/22 v3.00 AMS symbols B
)
Underfull \hbox (badness 1845) in paragraph at lines 428--430
[]\OT1/ptm/b/it/9 Keywords\OT1/ptm/b/n/9 -Coarse Grained Re-con-fig-urable Ar-c
hi-tec-tures;
 []

Missing character: There is no â in font ptmr7t!
Missing character: There is no € in font ptmr7t!
Missing character: There is no ™ in font ptmr7t!
[1{E:/20180111CTEX_install/CTEX/UserData/pdftex/config/pdftex.map{Unicode.sfd}{
UGBK.sfd}}


]

pdfTeX warning: pdflatex.exe (file C:/Users/xiaoxi/Desktop/paer_relative/fccm/2
0180118_8page/fi/Pe_arrays.pdf): PDF inclusion: found PDF version <1.6>, but at
 most version <1.5> allowed
<fi/Pe_arrays.pdf, id=10, 549.77557pt x 301.69313pt>
File: fi/Pe_arrays.pdf Graphic file (type pdf)
 <use fi/Pe_arrays.pdf>
Package pdftex.def Info: fi/Pe_arrays.pdf used on input line 481.
(pdftex.def)             Requested size: 227.64894pt x 124.9241pt.

<fi/tab.pdf, id=11, 484.41447pt x 119.92604pt>
File: fi/tab.pdf Graphic file (type pdf)
 <use fi/tab.pdf>
Package pdftex.def Info: fi/tab.pdf used on input line 505.
(pdftex.def)             Requested size: 455.2979pt x 112.71767pt.
 [2 <C:/Users/xiaoxi/Desktop/paer_relative/fccm/20180118_8page/fi/Pe_arrays.pdf
>]
Missing character: There is no â in font ptmr7t!
Missing character: There is no € in font ptmr7t!
Missing character: There is no ™ in font ptmr7t!

<fi/dfg.pdf, id=77, 361.35pt x 141.25473pt>
File: fi/dfg.pdf Graphic file (type pdf)
 <use fi/dfg.pdf>
Package pdftex.def Info: fi/dfg.pdf used on input line 525.
(pdftex.def)             Requested size: 455.2979pt x 177.98187pt.

Underfull \vbox (badness 10000) has occurred while \output is active []

 [3 <C:/Users/xiaoxi/Desktop/paer_relative/fccm/20180118_8page/fi/tab.pdf>]

pdfTeX warning: pdflatex.exe (file C:/Users/xiaoxi/Desktop/paer_relative/fccm/2
0180118_8page/fi/pe_cfg.pdf): PDF inclusion: found PDF version <1.6>, but at mo
st version <1.5> allowed
<fi/pe_cfg.pdf, id=98, 436.58788pt x 150.86864pt>
File: fi/pe_cfg.pdf Graphic file (type pdf)
 <use fi/pe_cfg.pdf>
Package pdftex.def Info: fi/pe_cfg.pdf used on input line 561.
(pdftex.def)             Requested size: 455.2979pt x 157.34166pt.
 [4 <C:/Users/xiaoxi/Desktop/paer_relative/fccm/20180118_8page/fi/dfg.pdf>] [5 
<C:/Users/xiaoxi/Desktop/paer_relative/fccm/20180118_8page/fi/pe_cfg.pdf>] [6]
<fi/result_1.pdf, id=251, 271.34073pt x 136.65654pt>
File: fi/result_1.pdf Graphic file (type pdf)
 <use fi/result_1.pdf>
Package pdftex.def Info: fi/result_1.pdf used on input line 736.
(pdftex.def)             Requested size: 207.41675pt x 104.46475pt.

<fi/result_2.pdf, id=252, 271.34073pt x 162.6075pt>
File: fi/result_2.pdf Graphic file (type pdf)
 <use fi/result_2.pdf>
Package pdftex.def Info: fi/result_2.pdf used on input line 743.
(pdftex.def)             Requested size: 207.41675pt x 124.30252pt.

<fi/result_3.pdf, id=253, 270.68327pt x 161.95084pt>
File: fi/result_3.pdf Graphic file (type pdf)
 <use fi/result_3.pdf>
Package pdftex.def Info: fi/result_3.pdf used on input line 750.
(pdftex.def)             Requested size: 207.41675pt x 124.10204pt.

[7 <C:/Users/xiaoxi/Desktop/paer_relative/fccm/20180118_8page/fi/result_1.pdf> 
<C:/Users/xiaoxi/Desktop/paer_relative/fccm/20180118_8page/fi/result_2.pdf> <C:
/Users/xiaoxi/Desktop/paer_relative/fccm/20180118_8page/fi/result_3.pdf>]
(C:\Users\xiaoxi\Desktop\paer_relative\fccm\20180118_8page\bare_conf.bbl)

** Conference Paper **
Before submitting the final camera ready copy, remember to:

 1. Manually equalize the lengths of two columns on the last page
 of your paper;

 2. Ensure that any PostScript and/or PDF output post-processing
 uses only Type 1 fonts and that every step in the generation
 process uses the appropriate paper size.

[8] (C:\Users\xiaoxi\Desktop\paer_relative\fccm\20180118_8page\bare_conf.aux) )
 
Here is how much of TeX's memory you used:
 4634 strings out of 495354
 70209 string characters out of 3182683
 132171 words of memory out of 3000000
 7749 multiletter control sequences out of 15000+200000
 41695 words of font info for 86 fonts, out of 3000000 for 9000
 17 hyphenation exceptions out of 8191
 42i,8n,40p,1645b,398s stack positions out of 5000i,500n,10000p,200000b,50000s
{E:/20180111CTEX_install/CTEX/MiKTeX/fonts/enc/dvips/fontname/8r.enc}<E:/201801
11CTEX_install/CTEX/MiKTeX/fonts/type1/public/amsfonts/cm/cmex10.pfb><E:/201801
11CTEX_install/CTEX/MiKTeX/fonts/type1/public/amsfonts/cm/cmmi10.pfb><E:/201801
11CTEX_install/CTEX/MiKTeX/fonts/type1/public/amsfonts/cm/cmmi7.pfb><E:/2018011
1CTEX_install/CTEX/MiKTeX/fonts/type1/public/amsfonts/cm/cmmi9.pfb><E:/20180111
CTEX_install/CTEX/MiKTeX/fonts/type1/public/amsfonts/cm/cmr10.pfb><E:/20180111C
TEX_install/CTEX/MiKTeX/fonts/type1/public/amsfonts/cm/cmr7.pfb><E:/20180111CTE
X_install/CTEX/MiKTeX/fonts/type1/public/amsfonts/cm/cmsy10.pfb><E:/20180111CTE
X_install/CTEX/MiKTeX/fonts/type1/public/amsfonts/cm/cmsy7.pfb><E:/20180111CTEX
_install/CTEX/MiKTeX/fonts/type1/public/amsfonts/symbols/msbm10.pfb><E:/2018011
1CTEX_install/CTEX/MiKTeX/fonts/type1/urw/times/utmb8a.pfb><E:/20180111CTEX_ins
tall/CTEX/MiKTeX/fonts/type1/urw/times/utmbi8a.pfb><E:/20180111CTEX_install/CTE
X/MiKTeX/fonts/type1/urw/times/utmr8a.pfb><E:/20180111CTEX_install/CTEX/MiKTeX/
fonts/type1/urw/times/utmri8a.pfb>
Output written on bare_conf.pdf (8 pages, 1079878 bytes).
PDF statistics:
 334 PDF objects out of 1000 (max. 8388607)
 0 named destinations out of 1000 (max. 500000)
 36 words of extra memory for PDF output out of 10000 (max. 10000000)

